[    0.000000] Linux version 4.15.0-212-generic (buildd@lcy02-amd64-083) (gcc version 7.5.0 (Ubuntu 7.5.0-3ubuntu1~18.04)) #223-Ubuntu SMP Tue May 23 13:09:22 UTC 2023 (Ubuntu 4.15.0-212.223-generic 4.15.18)
[    0.000000] Command line: BOOT_IMAGE=/boot/vmlinuz-4.15.0-212-generic root=LABEL=cloudimg-rootfs ro console=tty1 console=ttyS0
[    0.000000] KERNEL supported cpus:
[    0.000000]   Intel GenuineIntel
[    0.000000]   AMD AuthenticAMD
[    0.000000]   Centaur CentaurHauls
[    0.000000] [Firmware Bug]: TSC doesn't count with P0 frequency!
[    0.000000] x86/fpu: Supporting XSAVE feature 0x001: 'x87 floating point registers'
[    0.000000] x86/fpu: Supporting XSAVE feature 0x002: 'SSE registers'
[    0.000000] x86/fpu: Supporting XSAVE feature 0x004: 'AVX registers'
[    0.000000] x86/fpu: xstate_offset[2]:  576, xstate_sizes[2]:  256
[    0.000000] x86/fpu: Enabled xstate features 0x7, context size is 832 bytes, using 'standard' format.
[    0.000000] e820: BIOS-provided physical RAM map:
[    0.000000] BIOS-e820: [mem 0x0000000000000000-0x000000000009fbff] usable
[    0.000000] BIOS-e820: [mem 0x000000000009fc00-0x000000000009ffff] reserved
[    0.000000] BIOS-e820: [mem 0x00000000000f0000-0x00000000000fffff] reserved
[    0.000000] BIOS-e820: [mem 0x0000000000100000-0x000000003ffeffff] usable
[    0.000000] BIOS-e820: [mem 0x000000003fff0000-0x000000003fffffff] ACPI data
[    0.000000] BIOS-e820: [mem 0x00000000fec00000-0x00000000fec00fff] reserved
[    0.000000] BIOS-e820: [mem 0x00000000fee00000-0x00000000fee00fff] reserved
[    0.000000] BIOS-e820: [mem 0x00000000fffc0000-0x00000000ffffffff] reserved
[    0.000000] NX (Execute Disable) protection: active
[    0.000000] SMBIOS 2.5 present.
[    0.000000] DMI: innotek GmbH VirtualBox/VirtualBox, BIOS VirtualBox 12/01/2006
[    0.000000] Hypervisor detected: KVM
[    0.000000] e820: last_pfn = 0x3fff0 max_arch_pfn = 0x400000000
[    0.000000] x86/PAT: Configuration [0-7]: WB  WC  UC- UC  WB  WP  UC- WT  
[    0.000000] found SMP MP-table at [mem 0x0009fbf0-0x0009fbff]
[    0.000000] Scanning 1 areas for low memory corruption
[    0.000000] RAMDISK: [mem 0x359cb000-0x36cdcfff]
[    0.000000] ACPI: Early table checksum verification disabled
[    0.000000] ACPI: RSDP 0x00000000000E0000 000024 (v02 VBOX  )
[    0.000000] ACPI: XSDT 0x000000003FFF0030 00003C (v01 VBOX   VBOXXSDT 00000001 ASL  00000061)
[    0.000000] ACPI: FACP 0x000000003FFF00F0 0000F4 (v04 VBOX   VBOXFACP 00000001 ASL  00000061)
[    0.000000] ACPI: DSDT 0x000000003FFF0610 002353 (v02 VBOX   VBOXBIOS 00000002 INTL 20230628)
[    0.000000] ACPI: FACS 0x000000003FFF0200 000040
[    0.000000] ACPI: FACS 0x000000003FFF0200 000040
[    0.000000] ACPI: APIC 0x000000003FFF0240 00005C (v02 VBOX   VBOXAPIC 00000001 ASL  00000061)
[    0.000000] ACPI: SSDT 0x000000003FFF02A0 00036C (v01 VBOX   VBOXCPUT 00000002 INTL 20230628)
[    0.000000] ACPI: Reserving FACP table memory at [mem 0x3fff00f0-0x3fff01e3]
[    0.000000] ACPI: Reserving DSDT table memory at [mem 0x3fff0610-0x3fff2962]
[    0.000000] ACPI: Reserving FACS table memory at [mem 0x3fff0200-0x3fff023f]
[    0.000000] ACPI: Reserving FACS table memory at [mem 0x3fff0200-0x3fff023f]
[    0.000000] ACPI: Reserving APIC table memory at [mem 0x3fff0240-0x3fff029b]
[    0.000000] ACPI: Reserving SSDT table memory at [mem 0x3fff02a0-0x3fff060b]
[    0.000000] No NUMA configuration found
[    0.000000] Faking a node at [mem 0x0000000000000000-0x000000003ffeffff]
[    0.000000] NODE_DATA(0) allocated [mem 0x3ffc5000-0x3ffeffff]
[    0.000000] kvm-clock: cpu 0, msr 0:3ff44001, primary cpu clock
[    0.000000] kvm-clock: Using msrs 4b564d01 and 4b564d00
[    0.000000] kvm-clock: using sched offset of 4567478952 cycles
[    0.000000] clocksource: kvm-clock: mask: 0xffffffffffffffff max_cycles: 0x1cd42e4dffb, max_idle_ns: 881590591483 ns
[    0.000000] Zone ranges:
[    0.000000]   DMA      [mem 0x0000000000001000-0x0000000000ffffff]
[    0.000000]   DMA32    [mem 0x0000000001000000-0x000000003ffeffff]
[    0.000000]   Normal   empty
[    0.000000]   Device   empty
[    0.000000] Movable zone start for each node
[    0.000000] Early memory node ranges
[    0.000000]   node   0: [mem 0x0000000000001000-0x000000000009efff]
[    0.000000]   node   0: [mem 0x0000000000100000-0x000000003ffeffff]
[    0.000000] Reserved but unavailable: 104 pages
[    0.000000] Initmem setup node 0 [mem 0x0000000000001000-0x000000003ffeffff]
[    0.000000] ACPI: PM-Timer IO Port: 0x4008
[    0.000000] IOAPIC[0]: apic_id 2, version 32, address 0xfec00000, GSI 0-23
[    0.000000] ACPI: INT_SRC_OVR (bus 0 bus_irq 0 global_irq 2 dfl dfl)
[    0.000000] ACPI: INT_SRC_OVR (bus 0 bus_irq 9 global_irq 9 low level)
[    0.000000] Using ACPI (MADT) for SMP configuration information
[    0.000000] smpboot: Allowing 2 CPUs, 0 hotplug CPUs
[    0.000000] PM: Registered nosave memory: [mem 0x00000000-0x00000fff]
[    0.000000] PM: Registered nosave memory: [mem 0x0009f000-0x0009ffff]
[    0.000000] PM: Registered nosave memory: [mem 0x000a0000-0x000effff]
[    0.000000] PM: Registered nosave memory: [mem 0x000f0000-0x000fffff]
[    0.000000] e820: [mem 0x40000000-0xfebfffff] available for PCI devices
[    0.000000] Booting paravirtualized kernel on KVM
[    0.000000] clocksource: refined-jiffies: mask: 0xffffffff max_cycles: 0xffffffff, max_idle_ns: 7645519600211568 ns
[    0.000000] setup_percpu: NR_CPUS:8192 nr_cpumask_bits:2 nr_cpu_ids:2 nr_node_ids:1
[    0.000000] percpu: Embedded 50 pages/cpu s167936 r8192 d28672 u1048576
[    0.000000] PV qspinlock hash table entries: 256 (order: 0, 4096 bytes)
[    0.000000] Built 1 zonelists, mobility grouping on.  Total pages: 257913
[    0.000000] Policy zone: DMA32
[    0.000000] Kernel command line: BOOT_IMAGE=/boot/vmlinuz-4.15.0-212-generic root=LABEL=cloudimg-rootfs ro console=tty1 console=ttyS0
[    0.000000] Memory: 982644K/1048120K available (12300K kernel code, 2477K rwdata, 4324K rodata, 2480K init, 2720K bss, 65476K reserved, 0K cma-reserved)
[    0.000000] SLUB: HWalign=64, Order=0-3, MinObjects=0, CPUs=2, Nodes=1
[    0.000000] ftrace: allocating 39508 entries in 155 pages
[    0.004000] Hierarchical RCU implementation.
[    0.004000] 	RCU restricting CPUs from NR_CPUS=8192 to nr_cpu_ids=2.
[    0.004000] 	Tasks RCU enabled.
[    0.004000] RCU: Adjusting geometry for rcu_fanout_leaf=16, nr_cpu_ids=2
[    0.004000] NR_IRQS: 524544, nr_irqs: 440, preallocated irqs: 16
[    0.004000] Console: colour VGA+ 80x25
[    0.004000] console [tty1] enabled
[    0.004000] console [ttyS0] enabled
[    0.004000] ACPI: Core revision 20170831
[    0.004000] ACPI: 2 ACPI AML tables successfully acquired and loaded
[    0.004000] APIC: Switch to symmetric I/O mode setup
[    0.004000] x2apic enabled
[    0.004000] Switched APIC routing to physical x2apic.
[    0.004000] ..TIMER: vector=0x30 apic1=0 pin1=2 apic2=-1 pin2=-1
[    0.004013] tsc: Detected 1796.620 MHz processor
[    0.006871] Calibrating delay loop (skipped) preset value.. 3593.24 BogoMIPS (lpj=7186480)
[    0.008012] pid_max: default: 32768 minimum: 301
[    0.016247] Security Framework initialized
[    0.020007] Yama: becoming mindful.
[    0.022472] AppArmor: AppArmor initialized
[    0.028215] Dentry cache hash table entries: 131072 (order: 8, 1048576 bytes)
[    0.032406] Inode-cache hash table entries: 65536 (order: 7, 524288 bytes)
[    0.036087] Mount-cache hash table entries: 2048 (order: 2, 16384 bytes)
[    0.040015] Mountpoint-cache hash table entries: 2048 (order: 2, 16384 bytes)
[    0.044779] Last level iTLB entries: 4KB 512, 2MB 1024, 4MB 512
[    0.048030] Last level dTLB entries: 4KB 1024, 2MB 1024, 4MB 512, 1GB 0
[    0.052023] Spectre V1 : Mitigation: usercopy/swapgs barriers and __user pointer sanitization
[    0.056032] Spectre V2 : Mitigation: Retpolines
[    0.060012] Spectre V2 : Spectre v2 / SpectreRSB mitigation: Filling RSB on context switch
[    0.064005] Spectre V2 : Spectre v2 / SpectreRSB : Filling RSB on VMEXIT
[    0.068007] RETBleed: Vulnerable
[    0.072579] Freeing SMP alternatives memory: 36K
[    0.191579] smpboot: CPU0: AMD A8-7100 Radeon R5, 8 Compute Cores 4C+4G (family: 0x15, model: 0x30, stepping: 0x1)
[    0.192342] Performance Events: PMU not available due to virtualization, using software events only.
[    0.196211] Hierarchical SRCU implementation.
[    0.205011] NMI watchdog: Perf event create on CPU 0 failed with -2
[    0.208005] NMI watchdog: Perf NMI watchdog permanently disabled
[    0.212208] smp: Bringing up secondary CPUs ...
[    0.215478] x86: Booting SMP configuration:
[    0.216006] .... node  #0, CPUs:      #1
[    0.004000] kvm-clock: cpu 1, msr 0:3ff44041, secondary cpu clock
[    0.260114] smp: Brought up 1 node, 2 CPUs
[    0.262753] smpboot: Max logical packages: 1
[    0.264026] smpboot: Total of 2 processors activated (7186.48 BogoMIPS)
[    0.268808] devtmpfs: initialized
[    0.270764] x86/mm: Memory block size: 128MB
[    0.276616] evm: security.selinux
[    0.276616] evm: security.SMACK64
[    0.280016] evm: security.SMACK64EXEC
[    0.281759] evm: security.SMACK64TRANSMUTE
[    0.284005] evm: security.SMACK64MMAP
[    0.286225] evm: security.apparmor
[    0.288006] evm: security.ima
[    0.289588] evm: security.capability
[    0.296290] clocksource: jiffies: mask: 0xffffffff max_cycles: 0xffffffff, max_idle_ns: 7645041785100000 ns
[    0.304039] futex hash table entries: 512 (order: 3, 32768 bytes)
[    0.308126] pinctrl core: initialized pinctrl subsystem
[    0.312393] RTC time:  8:36:41, date: 02/14/25
[    0.316739] NET: Registered protocol family 16
[    0.324253] audit: initializing netlink subsys (disabled)
[    0.328157] audit: type=2000 audit(1739522207.624:1): state=initialized audit_enabled=0 res=1
[    0.332091] cpuidle: using governor ladder
[    0.336109] cpuidle: using governor menu
[    0.340206] ACPI: bus type PCI registered
[    0.344020] acpiphp: ACPI Hot Plug PCI Controller Driver version: 0.5
[    0.348333] PCI: Using configuration type 1 for base access
[    0.356009] PCI: Using configuration type 1 for extended access
[    0.364134] HugeTLB registered 2.00 MiB page size, pre-allocated 0 pages
[    0.368256] ACPI: Added _OSI(Module Device)
[    0.372021] ACPI: Added _OSI(Processor Device)
[    0.374334] ACPI: Added _OSI(3.0 _SCP Extensions)
[    0.376017] ACPI: Added _OSI(Processor Aggregator Device)
[    0.380007] ACPI: Added _OSI(Linux-Dell-Video)
[    0.384025] ACPI: Added _OSI(Linux-Lenovo-NV-HDMI-Audio)
[    0.388009] ACPI: Added _OSI(Linux-HPI-Hybrid-Graphics)
[    0.392677] ACPI: Executed 1 blocks of module-level executable AML code
[    0.407047] ACPI: Interpreter enabled
[    0.408079] ACPI: (supports S0 S5)
[    0.411024] ACPI: Using IOAPIC for interrupt routing
[    0.412797] PCI: Using host bridge windows from ACPI; if necessary, use "pci=nocrs" and report a bug
[    0.416394] ACPI: Enabled 2 GPEs in block 00 to 07
[    0.440267] ACPI: PCI Root Bridge [PCI0] (domain 0000 [bus 00-ff])
[    0.444059] acpi PNP0A03:00: _OSC: OS supports [ExtendedConfig ASPM ClockPM Segments MSI]
[    0.451016] acpi PNP0A03:00: _OSC: platform does not support [PCIeCapability]
[    0.453436] acpi PNP0A03:00: _OSC: not requesting control; platform does not support [PCIeCapability]
[    0.456044] acpi PNP0A03:00: _OSC: OS requested [PCIeHotplug PME AER PCIeCapability]
[    0.460014] acpi PNP0A03:00: _OSC: platform willing to grant [PCIeHotplug PME AER]
[    0.464000] acpi PNP0A03:00: _OSC failed (AE_SUPPORT); disabling ASPM
[    0.468330] PCI host bridge to bus 0000:00
[    0.470478] pci_bus 0000:00: root bus resource [io  0x0000-0x0cf7 window]
[    0.472009] pci_bus 0000:00: root bus resource [io  0x0d00-0xffff window]
[    0.476037] pci_bus 0000:00: root bus resource [mem 0x000a0000-0x000bffff window]
[    0.480009] pci_bus 0000:00: root bus resource [mem 0x40000000-0xfdffffff window]
[    0.484058] pci_bus 0000:00: root bus resource [bus 00-ff]
[    0.493532] pci 0000:00:01.1: legacy IDE quirk: reg 0x10: [io  0x01f0-0x01f7]
[    0.496037] pci 0000:00:01.1: legacy IDE quirk: reg 0x14: [io  0x03f6]
[    0.500019] pci 0000:00:01.1: legacy IDE quirk: reg 0x18: [io  0x0170-0x0177]
[    0.504020] pci 0000:00:01.1: legacy IDE quirk: reg 0x1c: [io  0x0376]
[    0.563468] pci 0000:00:07.0: quirk: [io  0x4000-0x403f] claimed by PIIX4 ACPI
[    0.564054] pci 0000:00:07.0: quirk: [io  0x4100-0x410f] claimed by PIIX4 SMB
[    0.587797] ACPI: PCI Interrupt Link [LNKA] (IRQs 5 9 10 *11)
[    0.588891] ACPI: PCI Interrupt Link [LNKB] (IRQs 5 9 *10 11)
[    0.594277] ACPI: PCI Interrupt Link [LNKC] (IRQs 5 *9 10 11)
[    0.600236] ACPI: PCI Interrupt Link [LNKD] (IRQs 5 9 10 *11)
[    0.605323] SCSI subsystem initialized
[    0.608198] pci 0000:00:02.0: vgaarb: setting as boot VGA device
[    0.612000] pci 0000:00:02.0: vgaarb: VGA device added: decodes=io+mem,owns=io+mem,locks=none
[    0.612016] pci 0000:00:02.0: vgaarb: bridge control possible
[    0.616005] vgaarb: loaded
[    0.620146] ACPI: bus type USB registered
[    0.624081] usbcore: registered new interface driver usbfs
[    0.628021] usbcore: registered new interface driver hub
[    0.632037] usbcore: registered new device driver usb
[    0.640032] EDAC MC: Ver: 3.0.0
[    0.646070] PCI: Using ACPI for IRQ routing
[    0.648906] NetLabel: Initializing
[    0.652005] NetLabel:  domain hash size = 128
[    0.656003] NetLabel:  protocols = UNLABELED CIPSOv4 CALIPSO
[    0.660044] NetLabel:  unlabeled traffic allowed by default
[    0.664296] clocksource: Switched to clocksource kvm-clock
[    0.721087] VFS: Disk quotas dquot_6.6.0
[    0.723157] VFS: Dquot-cache hash table entries: 512 (order 0, 4096 bytes)
[    0.726493] AppArmor: AppArmor Filesystem Enabled
[    0.728621] pnp: PnP ACPI init
[    0.734141] pnp: PnP ACPI: found 3 devices
[    0.754439] clocksource: acpi_pm: mask: 0xffffff max_cycles: 0xffffff, max_idle_ns: 2085701024 ns
[    0.761705] NET: Registered protocol family 2
[    0.765267] IP idents hash table entries: 16384 (order: 5, 131072 bytes)
[    0.772765] TCP established hash table entries: 8192 (order: 4, 65536 bytes)
[    0.779970] TCP bind hash table entries: 8192 (order: 5, 131072 bytes)
[    0.785019] TCP: Hash tables configured (established 8192 bind 8192)
[    0.790148] UDP hash table entries: 512 (order: 2, 16384 bytes)
[    0.794294] UDP-Lite hash table entries: 512 (order: 2, 16384 bytes)
[    0.798661] NET: Registered protocol family 1
[    0.805814] pci 0000:00:00.0: Limiting direct PCI/PCI transfers
[    0.809814] pci 0000:00:01.0: Activating ISA DMA hang workarounds
[    0.812854] pci 0000:00:02.0: Video device with shadowed ROM at [mem 0x000c0000-0x000dffff]
[    0.817837] Unpacking initramfs...
[    1.587686] Freeing initrd memory: 19528K
[    1.591018] clocksource: tsc: mask: 0xffffffffffffffff max_cycles: 0x19e5b08574b, max_idle_ns: 440795222194 ns
[    1.596683] platform rtc_cmos: registered platform RTC device (no PNP device found)
[    1.600554] Scanning for low memory corruption every 60 seconds
[    1.605043] Initialise system trusted keyrings
[    1.607135] Key type blacklist registered
[    1.609231] workingset: timestamp_bits=36 max_order=18 bucket_order=0
[    1.617692] zbud: loaded
[    1.620662] squashfs: version 4.0 (2009/01/31) Phillip Lougher
[    1.624394] fuse init (API version 7.26)
[    1.634979] Key type asymmetric registered
[    1.636768] Asymmetric key parser 'x509' registered
[    1.638846] Block layer SCSI generic (bsg) driver version 0.4 loaded (major 246)
[    1.642190] io scheduler noop registered
[    1.643960] io scheduler deadline registered
[    1.645985] io scheduler cfq registered (default)
[    1.648933] ACPI: AC Adapter [AC] (on-line)
[    1.650948] input: Power Button as /devices/LNXSYSTM:00/LNXPWRBN:00/input/input0
[    1.654239] ACPI: Power Button [PWRF]
[    1.656063] input: Sleep Button as /devices/LNXSYSTM:00/LNXSLPBN:00/input/input1
[    1.659156] ACPI: Sleep Button [SLPF]
[    1.661763] Serial: 8250/16550 driver, 32 ports, IRQ sharing enabled
[    1.663366] ACPI: Battery Slot [BAT0] (battery present)
[    1.694336] 00:02: ttyS0 at I/O 0x3f8 (irq = 4, base_baud = 115200) is a 16550A
[    1.705549] Linux agpgart interface v0.103
[    1.713908] loop: module loaded
[    1.717324] scsi host0: ata_piix
[    1.719689] scsi host1: ata_piix
[    1.721894] ata1: PATA max UDMA/33 cmd 0x1f0 ctl 0x3f6 bmdma 0xd000 irq 14
[    1.726618] ata2: PATA max UDMA/33 cmd 0x170 ctl 0x376 bmdma 0xd008 irq 15
[    1.729957] tun: Universal TUN/TAP device driver, 1.6
[    1.732630] PPP generic driver version 2.4.2
[    1.734602] ehci_hcd: USB 2.0 'Enhanced' Host Controller (EHCI) Driver
[    1.737454] ehci-pci: EHCI PCI platform driver
[    1.739413] ehci-platform: EHCI generic platform driver
[    1.741672] ohci_hcd: USB 1.1 'Open' Host Controller (OHCI) Driver
[    1.744376] ohci-pci: OHCI PCI platform driver
[    1.746268] ohci-platform: OHCI generic platform driver
[    1.748498] uhci_hcd: USB Universal Host Controller Interface driver
[    1.751224] i8042: PNP: PS/2 Controller [PNP0303:PS2K,PNP0f03:PS2M] at 0x60,0x64 irq 1,12
[    1.755612] serio: i8042 KBD port at 0x60,0x64 irq 1
[    1.757898] serio: i8042 AUX port at 0x60,0x64 irq 12
[    1.760439] mousedev: PS/2 mouse device common for all mice
[    1.763466] input: AT Translated Set 2 keyboard as /devices/platform/i8042/serio0/input/input2
[    1.764612] rtc_cmos rtc_cmos: rtc core: registered rtc_cmos as rtc0
[    1.782623] rtc_cmos rtc_cmos: alarms up to one day, 114 bytes nvram
[    1.786769] i2c /dev entries driver
[    1.789471] device-mapper: uevent: version 1.0.3
[    1.792611] device-mapper: ioctl: 4.37.0-ioctl (2017-09-20) initialised: dm-devel@redhat.com
[    1.797092] ledtrig-cpu: registered to indicate activity on CPUs
[    1.800422] x86/pm: family 0x15 cpu detected, MSR saving is needed during suspending.
[    1.804206] NET: Registered protocol family 10
[    1.818185] Segment Routing with IPv6
[    1.821493] NET: Registered protocol family 17
[    1.825819] Key type dns_resolver registered
[    1.831950] mce: Using 0 MCE banks
[    1.834850] RAS: Correctable Errors collector initialized.
[    1.838227] sched_clock: Marking stable (1838087220, 0)->(2522686889, -684599669)
[    1.844706] registered taskstats version 1
[    1.847667] Loading compiled-in X.509 certificates
[    1.859361] Loaded X.509 cert 'Build time autogenerated kernel key: b5b26778eaa3ab3a4a6cee031137706e947d12ad'
[    1.871102] Loaded X.509 cert 'Canonical Ltd. Live Patch Signing: 14df34d1a87cf37625abec039ef2bf521249b969'
[    1.879574] Loaded X.509 cert 'Canonical Ltd. Kernel Module Signing: 88f752e560a1e0737e31163a466ad7b70a850c19'
[    1.885407] blacklist: Loading compiled-in revocation X.509 certificates
[    1.889175] Loaded X.509 cert 'Canonical Ltd. Secure Boot Signing: 61482aa2830d0ab2ad5af10b7250da9033ddcef0'
[    1.897375] Loaded X.509 cert 'Canonical Ltd. Secure Boot Signing (2017): 242ade75ac4a15e50d50c84b0d45ff3eae707a03'
[    1.902778] Loaded X.509 cert 'Canonical Ltd. Secure Boot Signing (ESM 2018): 365188c1d374d6b07c3c8f240f8ef722433d6a8b'
[    1.933147] Loaded X.509 cert 'Canonical Ltd. Secure Boot Signing (2019): c0746fd6c5da3ae827864651ad66ae47fe24b3e8'
[    1.940598] Loaded X.509 cert 'Canonical Ltd. Secure Boot Signing (2021 v1): a8d54bbb3825cfb94fa13c9f8a594a195c107b8d'
[    1.947849] Loaded X.509 cert 'Canonical Ltd. Secure Boot Signing (2021 v2): 4cf046892d6fd3c9a5b03f98d845f90851dc6a8c'
[    1.955698] Loaded X.509 cert 'Canonical Ltd. Secure Boot Signing (2021 v3): 100437bb6de6e469b581e61cd66bce3ef4ed53af'
[    1.961708] Loaded X.509 cert 'Canonical Ltd. Secure Boot Signing (Ubuntu Core 2019): c1d57b8f6b743f23ee41f4f7ee292f06eecadfb9'
[    1.968658] zswap: loaded using pool lzo/zbud
[    1.990931] Key type big_key registered
[    1.994540] Key type trusted registered
[    2.003527] Key type encrypted registered
[    2.005969] AppArmor: AppArmor sha1 policy hashing enabled
[    2.011974] ima: No TPM chip found, activating TPM-bypass! (rc=-19)
[    2.018542] ima: Allocated hash algorithm: sha1
[    2.022223] evm: HMAC attrs: 0x1
[    2.026058]   Magic number: 13:454:624
[    2.031407] rtc_cmos rtc_cmos: setting system clock to 2025-02-14 08:36:43 UTC (1739522203)
[    2.045175] BIOS EDD facility v0.16 2004-Jun-25, 0 devices found
[    2.049867] EDD information not available.
[    2.062258] Freeing unused kernel image memory: 2480K
[    2.088310] Write protecting the kernel read-only data: 20480k
[    2.095876] Freeing unused kernel image memory: 2008K
[    2.103742] Freeing unused kernel image memory: 1820K
[    2.130086] x86/mm: Checked W+X mappings: passed, no W+X pages found.
Loading, please wait...
starting version 237
[    2.338991] Fusion MPT base driver 3.04.20
[    2.344449] Copyright (c) 1999-2008 LSI Corporation
[    2.376203] e1000: Intel(R) PRO/1000 Network Driver - version 7.3.21-k8-NAPI
[    2.380635] e1000: Copyright (c) 1999-2006 Intel Corporation.
[    2.437162] AVX version of gcm_enc/dec engaged.
[    2.440815] AES CTR mode by8 optimization enabled
[    2.476408] Fusion MPT SPI Host driver 3.04.20
[    2.617882] input: ImExPS/2 Generic Explorer Mouse as /devices/platform/i8042/serio1/input/input4
[    3.472715] e1000 0000:00:03.0 eth0: (PCI:33MHz:32-bit) 02:3b:7b:b7:3b:2d
[    3.477776] e1000 0000:00:03.0 eth0: Intel(R) PRO/1000 Network Connection
[    3.484792] mptbase: ioc0: Initiating bringup
[    3.486669] e1000 0000:00:03.0 enp0s3: renamed from eth0
[    3.596609] ioc0: LSI53C1030 A0: Capabilities={Initiator}
[    3.839041] scsi host2: ioc0: LSI53C1030 A0, FwRev=00000000h, Ports=1, MaxQ=256, IRQ=20
[    4.393425] scsi 2:0:0:0: Direct-Access     VBOX     HARDDISK         1.0  PQ: 0 ANSI: 5
[    4.440100] scsi target2:0:0: Beginning Domain Validation
[    4.458429] scsi target2:0:0: Domain Validation skipping write tests
[    4.466438] scsi target2:0:0: Ending Domain Validation
[    4.471656] scsi target2:0:0: asynchronous
[    4.476857] scsi 2:0:1:0: Direct-Access     VBOX     HARDDISK         1.0  PQ: 0 ANSI: 5
[    4.708090] scsi target2:0:1: Beginning Domain Validation
[    4.721133] scsi target2:0:1: Domain Validation skipping write tests
[    4.727884] scsi target2:0:1: Ending Domain Validation
[    4.735460] scsi target2:0:1: asynchronous
[    4.763019] sd 2:0:0:0: Attached scsi generic sg0 type 0
[    4.778396] sd 2:0:1:0: Attached scsi generic sg1 type 0
[    4.779625] sd 2:0:0:0: [sda] 83886080 512-byte logical blocks: (42.9 GB/40.0 GiB)
[    4.808234] sd 2:0:1:0: [sdb] 20480 512-byte logical blocks: (10.5 MB/10.0 MiB)
[    4.812486] sd 2:0:1:0: [sdb] Write Protect is off
[    4.916653] sd 2:0:0:0: [sda] Write Protect is off
[    4.919720] sd 2:0:1:0: [sdb] Incomplete mode parameter data
[    4.930531] sd 2:0:1:0: [sdb] Assuming drive cache: write through
[    4.934880] sd 2:0:0:0: [sda] Incomplete mode parameter data
[    4.995823] sd 2:0:0:0: [sda] Assuming drive cache: write through
[    5.082363]  sda: sda1
[    5.101673] sd 2:0:0:0: [sda] Attached SCSI disk
[    5.142165] sd 2:0:1:0: [sdb] Attached SCSI disk
Begin: Loading essential drivers ... [    7.665287] raid6: sse2x1   gen()  1766 MB/s
[    7.729299] raid6: sse2x1   xor()  1406 MB/s
[    7.828143] raid6: sse2x2   gen()  3481 MB/s
[    7.905617] raid6: sse2x2   xor()  2043 MB/s
[    7.960069] raid6: sse2x4   gen()  3846 MB/s
[    8.012076] raid6: sse2x4   xor()  2172 MB/s
[    8.018861] raid6: using algorithm sse2x4 gen() 3846 MB/s
[    8.026816] raid6: .... xor() 2172 MB/s, rmw enabled
[    8.033676] raid6: using ssse3x2 recovery algorithm
[    8.050337] xor: automatically using best checksumming function   avx       
[    8.072256] async_tx: api initialized (async)
done.
Begin: Running /scripts/init-premount ... done.
Begin: Mounting root file system ... Begin: Running /scripts/local-top ... done.
Begin: Running /scripts/local-premount ... [    8.230830] Btrfs loaded, crc32c=crc32c-intel
Scanning for Btrfs filesystems
done.
Warning: fsck not present, so skipping root file system
[    8.347898] EXT4-fs (sda1): mounted filesystem with ordered data mode. Opts: (null)
done.
Begin: Running /scripts/local-bottom ... done.
Begin: Running /scripts/init-bottom ... done.
[    9.337039] ip_tables: (C) 2000-2006 Netfilter Core Team
[    9.451179] systemd[1]: systemd 237 running in system mode. (+PAM +AUDIT +SELINUX +IMA +APPARMOR +SMACK +SYSVINIT +UTMP +LIBCRYPTSETUP +GCRYPT +GNUTLS +ACL +XZ +LZ4 +SECCOMP +BLKID +ELFUTILS +KMOD -IDN2 +IDN -PCRE2 default-hierarchy=hybrid)
[    9.472507] systemd[1]: Detected virtualization oracle.
[    9.480370] systemd[1]: Detected architecture x86-64.

Welcome to [1mUbuntu 18.04.6 LTS[0m!

[    9.533685] systemd[1]: Set hostname to <ubuntu-bionic>.
[   11.033783] random: systemd: uninitialized urandom read (16 bytes read)
[   11.037290] systemd[1]: Reached target Swap.
[[0;32m  OK  [0m] Reached target Swap.
[   11.040728] random: systemd: uninitialized urandom read (16 bytes read)
[   11.044694] systemd[1]: Reached target System Time Synchronized.
[[0;32m  OK  [0m] Reached target System Time Synchronized.
[   11.049241] random: systemd: uninitialized urandom read (16 bytes read)
[   11.058146] systemd[1]: Created slice User and Session Slice.
[[0;32m  OK  [0m] Created slice User and Session Slice.
[   11.062840] systemd[1]: Set up automount Arbitrary Executable File Formats File System Automount Point.
[[0;32m  OK  [0m] Set up automount Arbitrary Executab…rmats File System Automount Point.
[   11.069668] systemd[1]: Reached target Mounting snaps.
[[0;32m  OK  [0m] Reached target Mounting snaps.
[   11.073652] systemd[1]: Reached target User and Group Name Lookups.
[[0;32m  OK  [0m] Reached target User and Group Name Lookups.
[[0;32m  OK  [0m] Created slice System Slice.
[[0;32m  OK  [0m] Listening on Syslog Socket.
[[0;32m  OK  [0m] Listening on Journal Audit Socket.
[[0;32m  OK  [0m] Listening on /dev/initctl Compatibility Named Pipe.
[[0;32m  OK  [0m] Listening on Journal Socket.
         Mounting POSIX Message Queue File System...
         Mounting Kernel Debug File System...
         Mounting Huge Pages File System...
         Starting Load Kernel Modules...
[[0;32m  OK  [0m] Listening on udev Kernel Socket.
[[0;32m  OK  [0m] Reached target Slices.
         Starting Uncomplicated firewall...
         Starting Create list of required st…ce nodes for the current kernel...
[[0;32m  OK  [0m] Created slice system-serial\x2dgetty.slice.
[[0;32m  OK  [0m] Listening on Journal Socket (/dev/log).
         Starting Journal Service...
[[0;32m  OK  [0m] Listening on udev Control Socket.
         Starting udev Coldplug all Devices...
[[0;32m  OK  [0m] Listening on LVM2 metadata daemon socket.
[[0;32m  OK  [0m] Listening on fsck to fsckd communication Socket.
         Starting File System Check on Root Device...
[[0;32m  OK  [0m] Listening on LVM2 poll daemon socket.
         Starting Set the console keyboard layout...
[[0;32m  OK  [0m] Reached target Mounted snaps.
[[0;32m  OK  [0m] Started Forward Password Requests to Wall Directory Watch.
[[0;32m  OK  [0m] Listening on Device-mapper event daemon FIFOs.
         Starting Monitoring of LVM2 mirrors…ng dmeventd or progress polling...
[[0;32m  OK  [0m] Listening on Network Service Netlink Socket.
[[0;32m  OK  [0m] Mounted POSIX Message Queue File System.
[[0;32m  OK  [0m] Mounted Kernel Debug File System.
[[0;32m  OK  [0m] Mounted Huge Pages File System.
[[0;32m  OK  [0m] Started Create list of required sta…vice nodes for the current kernel.
         Starting Create Static Device Nodes in /dev...
[[0;32m  OK  [0m] Started udev Coldplug all Devices.
[   11.417517] Loading iSCSI transport class v2.0-870.
[[0;32m  OK  [0m] Started Uncomplicated firewall.
[[0;32m  OK  [0m] Started File System Check Daemon to report status.
[   11.609485] random: crng init done
[   11.615145] random: 33 urandom warning(s) missed due to ratelimiting
[   11.628505] iscsi: registered transport (tcp)
[[0;32m  OK  [0m] Started Journal Service.
[[0;32m  OK  [0m] Started File System Check on Root Device.
         Starting Remount Root and Kernel File Systems...
[[0;32m  OK  [0m] Started LVM2 metadata daemon.
[[0;32m  OK  [0m] Started Create Static Device Nodes in /dev.
[   12.108249] EXT4-fs (sda1): re-mounted. Opts: (null)
[[0;32m  OK  [0m] Started Remount Root and Kernel File Systems.
         Starting Flush Journal to Persistent Storage...
         Starting udev Kernel Device Manager...
         Starting Load/Save Random Seed...
[   12.216336] systemd-journald[407]: Received request to flush runtime journal from PID 1
[[0;32m  OK  [0m] Started Set the console keyboard layout.
[[0;32m  OK  [0m] Started Monitoring of LVM2 mirrors,…sing dmeventd or progress polling.
[[0;32m  OK  [0m] Reached target Local File Systems (Pre).
[[0;32m  OK  [0m] Reached target Local File Systems.
         Starting Set console font and keymap...
         Starting Tell Plymouth To Write Out Runtime Data...
         Starting AppArmor initialization...
         Starting ebtables ruleset management...
[[0;32m  OK  [0m] Started Load/Save Random Seed.
[   12.456436] iscsi: registered transport (iser)
[[0;32m  OK  [0m] Started Load Kernel Modules.
         Mounting Kernel Configuration File System...
         Starting Apply Kernel Variables...
         Mounting FUSE Control File System...
[[0;32m  OK  [0m] Mounted Kernel Configuration File System.
[[0;32m  OK  [0m] Started Set console font and keymap.
[[0;32m  OK  [0m] Mounted FUSE Control File System.
[[0;32m  OK  [0m] Started Tell Plymouth To Write Out Runtime Data.
[[0;32m  OK  [0m] Started udev Kernel Device Manager.
[[0;32m  OK  [0m] Started Dispatch Password Requests to Console Directory Watch.
[[0;32m  OK  [0m] Reached target Local Encrypted Volumes.
[[0;32m  OK  [0m] Started Flush Journal to Persistent Storage.
         Starting Create Volatile Files and Directories...
[[0;32m  OK  [0m] Started Apply Kernel Variables.
[[0;32m  OK  [0m] Started Create Volatile Files and Directories.
         Starting Update UTMP about System Boot/Shutdown...
[[0;32m  OK  [0m] Started ebtables ruleset management.
[[0;32m  OK  [0m] Started Update UTMP about System Boot/Shutdown.
[[0;32m  OK  [0m] Found device /dev/ttyS0.
[[0;32m  OK  [0m] Listening on Load/Save RF Kill Switch Status /dev/rfkill Watch.
[[0;32m  OK  [0m] Started AppArmor initialization.
         Starting Load AppArmor profiles managed internally by snapd...
         Starting Initial cloud-init job (pre-networking)...
         Mounting Arbitrary Executable File Formats File System...
[[0;32m  OK  [0m] Mounted Arbitrary Executable File Formats File System.
[[0;32m  OK  [0m] Started Load AppArmor profiles managed internally by snapd.
[   21.991090] cloud-init[559]: Cloud-init v. 23.1.2-0ubuntu0~18.04.1 running 'init-local' at Fri, 14 Feb 2025 08:37:02 +0000. Up 20.90 seconds.
[[0;32m  OK  [0m] Started Initial cloud-init job (pre-networking).
[[0;32m  OK  [0m] Reached target Network (Pre).
         Starting Network Service...
[[0;32m  OK  [0m] Started Network Service.
         Starting Network Name Resolution...
         Starting Wait for Network to be Configured...
[[0;32m  OK  [0m] Started Network Name Resolution.
[[0;32m  OK  [0m] Reached target Host and Network Name Lookups.
[[0;32m  OK  [0m] Reached target Network.
[[0;32m  OK  [0m] Started Wait for Network to be Configured.
         Starting Initial cloud-init job (metadata service crawler)...
[   26.729756] cloud-init[677]: Cloud-init v. 23.1.2-0ubuntu0~18.04.1 running 'init' at Fri, 14 Feb 2025 08:37:07 +0000. Up 26.00 seconds.
[   26.739821] cloud-init[677]: ci-info: ++++++++++++++++++++++++++++++++++++++Net device info++++++++++++++++++++++++++++++++++++++
[   26.756716] cloud-init[677]: ci-info: +--------+------+----------------------------+---------------+--------+-------------------+
[   26.762090] cloud-init[677]: ci-info: | Device |  Up  |          Address           |      Mask     | Scope  |     Hw-Address    |
[   26.784678] cloud-init[677]: ci-info: +--------+------+----------------------------+---------------+--------+-------------------+
[   26.797180] cloud-init[677]: ci-info: | enp0s3 | True |         10.0.2.15          | 255.255.255.0 | global | 02:3b:7b:b7:3b:2d |
[   26.804450] cloud-init[677]: ci-info: | enp0s3 | True | fd00::3b:7bff:feb7:3b2d/64 |       .       | global | 02:3b:7b:b7:3b:2d |
[   26.806712] cloud-init[677]: ci-info: | enp0s3 | True | fe80::3b:7bff:feb7:3b2d/64 |       .       |  link  | 02:3b:7b:b7:3b:2d |
[   26.811677] cloud-init[677]: ci-info: |   lo   | True |         127.0.0.1          |   255.0.0.0   |  host  |         .         |
[   26.815669] cloud-init[677]: ci-info: |   lo   | True |          ::1/128           |       .       |  host  |         .         |
[   26.819357] cloud-init[677]: ci-info: +--------+------+----------------------------+---------------+--------+-------------------+
[   26.823536] cloud-init[677]: ci-info: ++++++++++++++++++++++++++++Route IPv4 info+++++++++++++++++++++++++++++
[   26.836608] cloud-init[677]: ci-info: +-------+-------------+----------+-----------------+-----------+-------+
[   26.841082] cloud-init[677]: ci-info: | Route | Destination | Gateway  |     Genmask     | Interface | Flags |
[   26.844590] cloud-init[677]: ci-info: +-------+-------------+----------+-----------------+-----------+-------+
[   26.848786] cloud-init[677]: ci-info: |   0   |   0.0.0.0   | 10.0.2.2 |     0.0.0.0     |   enp0s3  |   UG  |
[   26.853180] cloud-init[677]: ci-info: |   1   |   10.0.2.0  | 0.0.0.0  |  255.255.255.0  |   enp0s3  |   U   |
[   26.857405] cloud-init[677]: ci-info: |   2   |   10.0.2.2  | 0.0.0.0  | 255.255.255.255 |   enp0s3  |   UH  |
[   26.872566] cloud-init[677]: ci-info: +-------+-------------+----------+-----------------+-----------+-------+
[   26.888550] cloud-init[677]: ci-info: +++++++++++++++++++Route IPv6 info+++++++++++++++++++
[   26.892395] cloud-init[677]: ci-info: +-------+-------------+---------+-----------+-------+
[   26.896418] cloud-init[677]: ci-info: | Route | Destination | Gateway | Interface | Flags |
[   26.908500] cloud-init[677]: ci-info: +-------+-------------+---------+-----------+-------+
[   26.910448] cloud-init[677]: ci-info: |   1   |  fd00::/64  |    ::   |   enp0s3  |   U   |
[   26.912187] cloud-init[677]: ci-info: |   2   |  fe80::/64  |    ::   |   enp0s3  |   U   |
[   26.913943] cloud-init[677]: ci-info: |   3   |     ::/0    | fe80::2 |   enp0s3  |   UG  |
[   26.915636] cloud-init[677]: ci-info: |   5   |    local    |    ::   |   enp0s3  |   U   |
[   26.917387] cloud-init[677]: ci-info: |   6   |    local    |    ::   |   enp0s3  |   U   |
[   26.919291] cloud-init[677]: ci-info: |   7   |   ff00::/8  |    ::   |   enp0s3  |   U   |
[   26.936589] cloud-init[677]: ci-info: +-------+-------------+---------+-----------+-------+
[[0;32m  OK  [0m] Started Initial cloud-init job (metadata service crawler).
[[0;32m  OK  [0m] Reached target Cloud-config availability.
[[0;32m  OK  [0m] Reached target System Initialization.
[[0;32m  OK  [0m] Listening on ACPID Listen Socket.
[[0;32m  OK  [0m] Started Daily apt download activities.
[[0;32m  OK  [0m] Listening on D-Bus System Message Bus Socket.
[[0;32m  OK  [0m] Started Daily apt upgrade and clean activities.
[[0;32m  OK  [0m] Listening on UUID daemon activation socket.
[[0;32m  OK  [0m] Started ACPI Events Check.
[[0;32m  OK  [0m] Reached target Paths.
[[0;32m  OK  [0m] Started Discard unused blocks once a week.
         Starting LXD - unix socket.
[[0;32m  OK  [0m] Listening on Open-iSCSI iscsid Socket.
[[0;32m  OK  [0m] Started Daily Cleanup of Temporary Directories.
[[0;32m  OK  [0m] Started Ubuntu Advantage Timer for running repeated jobs.
[[0;32m  OK  [0m] Listening on cloud-init hotplug hook socket.
         Starting Socket activation for snappy daemon.
[[0;32m  OK  [0m] Started Message of the Day.
[[0;32m  OK  [0m] Reached target Timers.
[[0;32m  OK  [0m] Reached target Network is Online.
         Starting Availability of block devices...
[[0;32m  OK  [0m] Reached target Remote File Systems (Pre).
         Mounting /vagrant...
[[0;32m  OK  [0m] Listening on LXD - unix socket.
[[0;32m  OK  [0m] Listening on Socket activation for snappy daemon.
[[0;32m  OK  [0m] Started Availability of block devices.
[[0;32m  OK  [0m] Reached target Sockets.
[[0;32m  OK  [0m] Reached target Basic System.
[[0;32m  OK  [0m] Started irqbalance daemon.
         Starting Login Service...
         Starting System Logging Service...
[[0;32m  OK  [0m] Reached target Login Prompts (Pre).
         Starting Accounts Service...
[[0;32m  OK  [0m] Started Regular background program processing daemon.
         Starting Virtualbox guest utils...
         Starting Snap Daemon...
         Starting Pollinate to seed the pseudo random number generator...
[[0;32m  OK  [0m] Started Deferred execution scheduler.
         Starting LSB: Record successful boot for GRUB...
         Starting Dispatcher daemon for systemd-networkd...
         Starting LXD - container startup/shutdown...
[[0;32m  OK  [0m] Started FUSE filesystem for LXC.
[[0;32m  OK  [0m] Started D-Bus System Message Bus.
[[0;32m  OK  [0m] Started Login Service.
[[0;32m  OK  [0m] Started Unattended Upgrades Shutdown.
[[0;32m  OK  [0m] Started System Logging Service.
[[0;32m  OK  [0m] Mounted /vagrant.
         Starting Hostname Service...
[[0;32m  OK  [0m] Reached target Remote File Systems.
         Starting Permit User Sessions...
         Starting LSB: automatic crash report generation...
[[0;32m  OK  [0m] Started Permit User Sessions.
         Starting Terminate Plymouth Boot Screen...
         Starting Hold until boot process finishes up...
[[0;32m  OK  [0m] Started Terminate Plymouth Boot Screen.
[[0;32m  OK  [0m] Started Hold until boot process finishes up.
[[0;32m  OK  [0m] Started Serial Getty on ttyS0.
         Starting Set console scheme...
[[0;32m  OK  [0m] Started Hostname Service.
         Starting Authorization Manager...
[[0;32m  OK  [0m] Started Set console scheme.
[[0;32m  OK  [0m] Created slice system-getty.slice.
[[0;32m  OK  [0m] Started Getty on tty1.
[[0;32m  OK  [0m] Reached target Login Prompts.
[[0;32m  OK  [0m] Started LSB: automatic crash report generation.
[[0;32m  OK  [0m] Started LSB: Record successful boot for GRUB.
[[0;32m  OK  [0m] Started Virtualbox guest utils.
[[0;32m  OK  [0m] Started Authorization Manager.
[[0;32m  OK  [0m] Started Accounts Service.
[[0;32m  OK  [0m] Started Dispatcher daemon for systemd-networkd.
[[0;32m  OK  [0m] Started LXD - container startup/shutdown.
[[0;32m  OK  [0m] Started Snap Daemon.
         Starting Wait until snapd is fully seeded...
         Starting Time & Date Service...
[[0;32m  OK  [0m] Started Time & Date Service.
[[0;32m  OK  [0m] Started Wait until snapd is fully seeded.
         Starting Apply the settings specified in cloud-config...

Ubuntu 18.04.6 LTS ubuntu-bionic ttyS0

ubuntu-bionic login: [   38.232622] cloud-init[1153]: Cloud-init v. 23.1.2-0ubuntu0~18.04.1 running 'modules:config' at Fri, 14 Feb 2025 08:37:19 +0000. Up 37.78 seconds.
[   46.736419] cloud-init[1222]: Cloud-init v. 23.1.2-0ubuntu0~18.04.1 running 'modules:final' at Fri, 14 Feb 2025 08:37:27 +0000. Up 46.10 seconds.
[   46.737009] cloud-init[1222]: Cloud-init v. 23.1.2-0ubuntu0~18.04.1 finished at Fri, 14 Feb 2025 08:37:28 +0000. Datasource DataSourceNoCloud [seed=/dev/sdb][dsmode=net].  Up 46.67 seconds
